<?xml version="1.0" encoding="UTF-8"?>
<!-- Generated by org.testng.reporters.JUnitXMLReporter -->
<testsuite hostname="DESKTOP-I4ISU4R" ignored="0" name="这些是测试模块" tests="2" failures="1" timestamp="24 一月 2021 11:06:41 GMT" time="22.219" errors="0">
  <testcase name="greeLogin" time="1.255" classname="com.test.testcase.commodity.LoginCase"/>
  <testcase name="pageEsGoodInformation" time="20.817" classname="com.test.testcase.commodity.productManage">
    <failure type="java.lang.RuntimeException" message="HttpClient,error status code :401">
      <![CDATA[java.lang.RuntimeException: HttpClient,error status code :401
	at com.test.utils.HttpUtil.doGet(HttpUtil.java:64)
	at com.test.testcase.commodity.productManage.pageEsGoodInformation(productManage.java:45)
	at com.test.testGetAPI.main(testGetAPI.java:23)
... Removed 22 stack frames]]>
    </failure>
  </testcase> <!-- pageEsGoodInformation -->
</testsuite> <!-- 这些是测试模块 -->
