<?xml version="1.0" encoding="UTF-8"?>
<!-- Generated by org.testng.reporters.JUnitXMLReporter -->
<testsuite hostname="USER-20200428EC" ignored="0" name="这些是测试模块" tests="4" failures="0" timestamp="07 一月 2021 03:53:23 GMT" time="1.872" errors="0">
  <testcase name="test1" time="0.909" classname="com.test.client.LoginCase"/>
  <testcase name="test2" time="0.44" classname="com.test.client.LoginCase"/>
  <testcase name="test3" time="0.067" classname="com.test.client.demoCase"/>
  <testcase name="test4" time="0.434" classname="com.test.client.demoCase"/>
</testsuite> <!-- 这些是测试模块 -->
