<?xml version="1.0" encoding="UTF-8"?>
<testng-results skipped="0" failed="0" ignored="0" total="4" passed="4">
  <reporter-output>
  </reporter-output>
  <suite name="我自己的接口测试套件" duration-ms="1872" started-at="2021-01-07T03:53:21Z" finished-at="2021-01-07T03:53:23Z">
    <groups>
    </groups>
    <test name="这些是测试模块" duration-ms="1872" started-at="2021-01-07T03:53:21Z" finished-at="2021-01-07T03:53:23Z">
      <class name="com.test.testcase.LoginCase">
        <test-method status="PASS" signature="setup()[pri:0, instance:com.test.client.LoginCase@1b40d5f0]" name="setup" is-config="true" duration-ms="8" started-at="2021-01-07T11:53:21Z" finished-at="2021-01-07T11:53:21Z">
          <reporter-output>
          </reporter-output>
        </test-method> <!-- setup -->
        <test-method status="PASS" signature="test1()[pri:0, instance:com.test.client.LoginCase@1b40d5f0]" name="test1" duration-ms="909" started-at="2021-01-07T11:53:21Z" finished-at="2021-01-07T11:53:22Z">
          <reporter-output>
          </reporter-output>
        </test-method> <!-- test1 -->
        <test-method status="PASS" signature="test2()[pri:0, instance:com.test.client.LoginCase@1b40d5f0]" name="test2" duration-ms="440" started-at="2021-01-07T11:53:22Z" finished-at="2021-01-07T11:53:23Z">
          <reporter-output>
          </reporter-output>
        </test-method> <!-- test2 -->
        <test-method status="PASS" signature="teardown()[pri:0, instance:com.test.client.LoginCase@1b40d5f0]" name="teardown" is-config="true" duration-ms="0" started-at="2021-01-07T11:53:23Z" finished-at="2021-01-07T11:53:23Z">
          <reporter-output>
          </reporter-output>
        </test-method> <!-- teardown -->
      </class> <!-- com.test.testcase.LoginCase -->
      <class name="com.test.testcase.demoCase">
        <test-method status="PASS" signature="test3()[pri:0, instance:com.test.client.demoCase@ea4a92b]" name="test3" duration-ms="67" started-at="2021-01-07T11:53:23Z" finished-at="2021-01-07T11:53:23Z">
          <reporter-output>
          </reporter-output>
        </test-method> <!-- test3 -->
        <test-method status="PASS" signature="test4()[pri:0, instance:com.test.client.demoCase@ea4a92b]" name="test4" duration-ms="434" started-at="2021-01-07T11:53:23Z" finished-at="2021-01-07T11:53:23Z">
          <reporter-output>
          </reporter-output>
        </test-method> <!-- test4 -->
      </class> <!-- com.test.testcase.demoCase -->
    </test> <!-- 这些是测试模块 -->
  </suite> <!-- 我自己的接口测试套件 -->
</testng-results>
