<?xml version="1.0" encoding="UTF-8"?>
<testng-results skipped="0" failed="1" ignored="0" total="2" passed="1">
  <reporter-output>
  </reporter-output>
  <suite name="我自己的接口测试套件" duration-ms="22219" started-at="2021-01-24T11:06:19Z" finished-at="2021-01-24T11:06:41Z">
    <groups>
    </groups>
    <test name="这些是测试模块" duration-ms="22219" started-at="2021-01-24T11:06:19Z" finished-at="2021-01-24T11:06:41Z">
      <class name="com.test.testcase.commodity.productManage">
        <test-method status="PASS" signature="setup()[pri:0, instance:com.test.testcase.commodity.productManage@6ab7a896]" name="setup" is-config="true" duration-ms="98" started-at="2021-01-24T19:06:19Z" finished-at="2021-01-24T19:06:19Z">
          <reporter-output>
          </reporter-output>
        </test-method> <!-- setup -->
        <test-method status="FAIL" signature="pageEsGoodInformation()[pri:0, instance:com.test.testcase.commodity.productManage@6ab7a896]" name="pageEsGoodInformation" duration-ms="20817" started-at="2021-01-24T19:06:20Z" finished-at="2021-01-24T19:06:41Z">
          <exception class="java.lang.RuntimeException">
            <message>
              <![CDATA[HttpClient,error status code :401]]>
            </message>
            <full-stacktrace>
              <![CDATA[java.lang.RuntimeException: HttpClient,error status code :401
	at com.test.utils.HttpUtil.doGet(HttpUtil.java:64)
	at com.test.testcase.commodity.productManage.pageEsGoodInformation(productManage.java:45)
	at sun.reflect.NativeMethodAccessorImpl.invoke0(Native Method)
	at sun.reflect.NativeMethodAccessorImpl.invoke(NativeMethodAccessorImpl.java:62)
	at sun.reflect.DelegatingMethodAccessorImpl.invoke(DelegatingMethodAccessorImpl.java:43)
	at java.lang.reflect.Method.invoke(Method.java:498)
	at org.testng.internal.MethodInvocationHelper.invokeMethod(MethodInvocationHelper.java:104)
	at org.testng.internal.Invoker.invokeMethod(Invoker.java:645)
	at org.testng.internal.Invoker.invokeTestMethod(Invoker.java:851)
	at org.testng.internal.Invoker.invokeTestMethods(Invoker.java:1177)
	at org.testng.internal.TestMethodWorker.invokeTestMethods(TestMethodWorker.java:129)
	at org.testng.internal.TestMethodWorker.run(TestMethodWorker.java:112)
	at org.testng.TestRunner.privateRun(TestRunner.java:756)
	at org.testng.TestRunner.run(TestRunner.java:610)
	at org.testng.SuiteRunner.runTest(SuiteRunner.java:387)
	at org.testng.SuiteRunner.runSequentially(SuiteRunner.java:382)
	at org.testng.SuiteRunner.privateRun(SuiteRunner.java:340)
	at org.testng.SuiteRunner.run(SuiteRunner.java:289)
	at org.testng.SuiteRunnerWorker.runSuite(SuiteRunnerWorker.java:52)
	at org.testng.SuiteRunnerWorker.run(SuiteRunnerWorker.java:86)
	at org.testng.TestNG.runSuitesSequentially(TestNG.java:1293)
	at org.testng.TestNG.runSuitesLocally(TestNG.java:1218)
	at org.testng.TestNG.runSuites(TestNG.java:1133)
	at org.testng.TestNG.run(TestNG.java:1104)
	at com.test.testGetAPI.main(testGetAPI.java:23)
]]>
            </full-stacktrace>
          </exception> <!-- java.lang.RuntimeException -->
          <reporter-output>
          </reporter-output>
        </test-method> <!-- pageEsGoodInformation -->
        <test-method status="PASS" signature="teardown()[pri:0, instance:com.test.testcase.commodity.productManage@6ab7a896]" name="teardown" is-config="true" duration-ms="1" started-at="2021-01-24T19:06:41Z" finished-at="2021-01-24T19:06:41Z">
          <reporter-output>
          </reporter-output>
        </test-method> <!-- teardown -->
      </class> <!-- com.test.testcase.commodity.productManage -->
      <class name="com.test.testcase.commodity.LoginCase">
        <test-method status="PASS" signature="greeLogin()[pri:0, instance:com.test.testcase.commodity.LoginCase@327b636c]" name="greeLogin" duration-ms="1255" started-at="2021-01-24T19:06:19Z" finished-at="2021-01-24T19:06:20Z">
          <reporter-output>
          </reporter-output>
        </test-method> <!-- greeLogin -->
      </class> <!-- com.test.testcase.commodity.LoginCase -->
    </test> <!-- 这些是测试模块 -->
  </suite> <!-- 我自己的接口测试套件 -->
</testng-results>
